adj type, <class 'scipy.sparse.csr.csr_matrix'>
adj.shape, (2708, 2708)
adj[:10,:10],   (1, 2)	1
  (2, 1)	1
adj   (0, 633)	1
  (0, 1862)	1
  (0, 2582)	1
  (1, 2)	1
  (1, 652)	1
  (1, 654)	1
  (2, 1)	1
  (2, 332)	1
  (2, 1454)	1
  (2, 1666)	1
  (2, 1986)	1
  (3, 2544)	1
  (4, 1016)	1
  (4, 1256)	1
  (4, 1761)	1
  (4, 2175)	1
  (4, 2176)	1
  (5, 1629)	1
  (5, 1659)	1
  (5, 2546)	1
  (6, 373)	1
  (6, 1042)	1
  (6, 1416)	1
  (6, 1602)	1
  (7, 208)	1
  :	:
  (2694, 431)	1
  (2694, 2695)	1
  (2695, 431)	1
  (2695, 2694)	1
  (2696, 2615)	1
  (2697, 986)	1
  (2698, 1400)	1
  (2698, 1573)	1
  (2699, 2630)	1
  (2700, 1151)	1
  (2701, 44)	1
  (2701, 2624)	1
  (2702, 186)	1
  (2702, 1536)	1
  (2703, 1298)	1
  (2704, 641)	1
  (2705, 287)	1
  (2706, 165)	1
  (2706, 169)	1
  (2706, 1473)	1
  (2706, 2707)	1
  (2707, 165)	1
  (2707, 598)	1
  (2707, 1473)	1
  (2707, 2706)	1
feature.shape, (2708, 1433)
ad_orig type, <class 'scipy.sparse.csr.csr_matrix'>
adj_orig.shape, (2708, 2708)
adj type, <class 'scipy.sparse.csr.csr_matrix'>
adj.shape, (2708, 2708)
adj[:10,:10],   (1, 2)	1
  (2, 1)	1
adj   (0, 633)	1
  (0, 1862)	1
  (0, 2582)	1
  (1, 2)	1
  (1, 652)	1
  (1, 654)	1
  (2, 1)	1
  (2, 332)	1
  (2, 1454)	1
  (2, 1666)	1
  (2, 1986)	1
  (3, 2544)	1
  (4, 1016)	1
  (4, 1256)	1
  (4, 1761)	1
  (4, 2175)	1
  (4, 2176)	1
  (5, 1629)	1
  (5, 1659)	1
  (5, 2546)	1
  (6, 373)	1
  (6, 1042)	1
  (6, 1416)	1
  (6, 1602)	1
  (7, 208)	1
  :	:
  (2694, 431)	1
  (2694, 2695)	1
  (2695, 431)	1
  (2695, 2694)	1
  (2696, 2615)	1
  (2697, 986)	1
  (2698, 1400)	1
  (2698, 1573)	1
  (2699, 2630)	1
  (2700, 1151)	1
  (2701, 44)	1
  (2701, 2624)	1
  (2702, 186)	1
  (2702, 1536)	1
  (2703, 1298)	1
  (2704, 641)	1
  (2705, 287)	1
  (2706, 165)	1
  (2706, 169)	1
  (2706, 1473)	1
  (2706, 2707)	1
  (2707, 165)	1
  (2707, 598)	1
  (2707, 1473)	1
  (2707, 2706)	1
feature.shape, (2708, 1433)
ad_orig type, <class 'scipy.sparse.csr.csr_matrix'>
adj_orig.shape, (2708, 2708)
adj_train type, <class 'scipy.sparse.csr.csr_matrix'>
adj_train shape, <class 'tuple'>
train_edges type, <class 'numpy.ndarray'>
********************
train_edges shape, (4488, 2)
val_edges shape, (263, 2)
test_edges shape, (527, 2)
********************
val_edges_false type, <class 'list'>
test_edges_false type, <class 'list'>
len val edges false, 263
len test edges false, 527
********************
val_edges[:20], [[   2 1666]
 [1483 1620]
 [ 119 1537]
 [ 480 2372]
 [1358 1546]
 [ 425 2466]
 [1661 1851]
 [ 788 2041]
 [  46 1604]
 [  88 1527]
 [ 463 1966]
 [ 429 1669]
 [ 460 1986]
 [ 490  826]
 [ 681 1171]
 [ 953 2565]
 [ 680 2199]
 [ 286  442]
 [   4 2176]
 [ 429  705]]
test_edges[:20] type, [[ 808 2383]
 [ 130 2017]
 [ 460 1989]
 [1980 2405]
 [1225 2579]
 [ 142 1628]
 [1951 2204]
 [ 754 1483]
 [ 110  567]
 [ 768 1723]
 [ 532 1701]
 [ 310  990]
 [ 207  833]
 [ 191 2385]
 [1624 1787]
 [ 956 2677]
 [1927 1928]
 [  32  518]
 [1692 2349]
 [  88 1741]]
val_edges_false[:20], [[1340, 414], [1808, 1047], [1873, 1073], [717, 1358], [1605, 2318], [561, 2294], [386, 701], [2606, 972], [1384, 983], [1511, 351], [1724, 1951], [1279, 1907], [752, 1024], [545, 1469], [78, 1259], [2381, 888], [1105, 2549], [1990, 1500], [920, 549], [2061, 391]]
test_edges_false[:20] type, [[1580, 961], [2630, 875], [2418, 102], [1001, 1148], [1481, 657], [1220, 422], [2619, 170], [2220, 452], [2397, 1975], [1657, 2541], [2667, 2053], [287, 1641], [1447, 1913], [607, 456], [1764, 1225], [1235, 1029], [2671, 2423], [446, 834], [810, 1424], [1411, 958]]
********************
train_edges[:2], [[   0  633]
 [   0 1862]]
Epoch: 0001 train_loss= 0.78419 train_acc= 0.03541 val_roc= 0.66945 val_ap= 0.69444 time= 0.58421
Optimization Finished!
Test ROC score: 0.6621166676868457
Test AP score: 0.6997135059996591
adj type, <class 'scipy.sparse.csr.csr_matrix'>
adj.shape, (2708, 2708)
adj[:10,:10],   (1, 2)	1
  (2, 1)	1
adj   (0, 633)	1
  (0, 1862)	1
  (0, 2582)	1
  (1, 2)	1
  (1, 652)	1
  (1, 654)	1
  (2, 1)	1
  (2, 332)	1
  (2, 1454)	1
  (2, 1666)	1
  (2, 1986)	1
  (3, 2544)	1
  (4, 1016)	1
  (4, 1256)	1
  (4, 1761)	1
  (4, 2175)	1
  (4, 2176)	1
  (5, 1629)	1
  (5, 1659)	1
  (5, 2546)	1
  (6, 373)	1
  (6, 1042)	1
  (6, 1416)	1
  (6, 1602)	1
  (7, 208)	1
  :	:
  (2694, 431)	1
  (2694, 2695)	1
  (2695, 431)	1
  (2695, 2694)	1
  (2696, 2615)	1
  (2697, 986)	1
  (2698, 1400)	1
  (2698, 1573)	1
  (2699, 2630)	1
  (2700, 1151)	1
  (2701, 44)	1
  (2701, 2624)	1
  (2702, 186)	1
  (2702, 1536)	1
  (2703, 1298)	1
  (2704, 641)	1
  (2705, 287)	1
  (2706, 165)	1
  (2706, 169)	1
  (2706, 1473)	1
  (2706, 2707)	1
  (2707, 165)	1
  (2707, 598)	1
  (2707, 1473)	1
  (2707, 2706)	1
feature.shape, (2708, 1433)
ad_orig type, <class 'scipy.sparse.csr.csr_matrix'>
adj_orig.shape, (2708, 2708)
adj_train type, <class 'scipy.sparse.csr.csr_matrix'>
adj_train shape, <class 'tuple'>
train_edges type, <class 'numpy.ndarray'>
********************
train_edges shape, (4488, 2)
val_edges shape, (263, 2)
test_edges shape, (527, 2)
********************
val_edges_false type, <class 'list'>
test_edges_false type, <class 'list'>
len val edges false, 263
len test edges false, 527
********************
val_edges[:20], [[   2 1666]
 [1483 1620]
 [ 119 1537]
 [ 480 2372]
 [1358 1546]
 [ 425 2466]
 [1661 1851]
 [ 788 2041]
 [  46 1604]
 [  88 1527]
 [ 463 1966]
 [ 429 1669]
 [ 460 1986]
 [ 490  826]
 [ 681 1171]
 [ 953 2565]
 [ 680 2199]
 [ 286  442]
 [   4 2176]
 [ 429  705]]
test_edges[:20] type, [[ 808 2383]
 [ 130 2017]
 [ 460 1989]
 [1980 2405]
 [1225 2579]
 [ 142 1628]
 [1951 2204]
 [ 754 1483]
 [ 110  567]
 [ 768 1723]
 [ 532 1701]
 [ 310  990]
 [ 207  833]
 [ 191 2385]
 [1624 1787]
 [ 956 2677]
 [1927 1928]
 [  32  518]
 [1692 2349]
 [  88 1741]]
val_edges_false[:20], [[1340, 414], [1808, 1047], [1873, 1073], [717, 1358], [1605, 2318], [561, 2294], [386, 701], [2606, 972], [1384, 983], [1511, 351], [1724, 1951], [1279, 1907], [752, 1024], [545, 1469], [78, 1259], [2381, 888], [1105, 2549], [1990, 1500], [920, 549], [2061, 391]]
test_edges_false[:20] type, [[1580, 961], [2630, 875], [2418, 102], [1001, 1148], [1481, 657], [1220, 422], [2619, 170], [2220, 452], [2397, 1975], [1657, 2541], [2667, 2053], [287, 1641], [1447, 1913], [607, 456], [1764, 1225], [1235, 1029], [2671, 2423], [446, 834], [810, 1424], [1411, 958]]
********************
train_edges[:2], [[   0  633]
 [   0 1862]]
Epoch: 0001 train_loss= 0.78319 train_acc= 0.08266 val_roc= 0.65256 val_ap= 0.67236 time= 0.52400
Optimization Finished!
Test ROC score: 0.6695195676360769
Test AP score: 0.7137611502734551
